2025-05-17 21:15:32,894 - INFO - 开始下载关键词 '泥土' 的图片，目标数量: 5
2025-05-17 21:15:32,894 - INFO - 已下载图片数量: 0
2025-05-17 21:15:32,894 - INFO - ====== WebDriver manager ======
2025-05-17 21:15:33,779 - INFO - Get LATEST chromedriver version for google-chrome
2025-05-17 21:15:33,794 - DEBUG - Starting new HTTPS connection (1): googlechromelabs.github.io:443
2025-05-17 21:15:34,142 - DEBUG - https://googlechromelabs.github.io:443 "GET /chrome-for-testing/latest-patch-versions-per-build.json HTTP/1.1" 200 11123
2025-05-17 21:15:34,154 - INFO - Get LATEST chromedriver version for google-chrome
2025-05-17 21:15:34,155 - DEBUG - Starting new HTTPS connection (1): googlechromelabs.github.io:443
2025-05-17 21:15:34,311 - DEBUG - https://googlechromelabs.github.io:443 "GET /chrome-for-testing/latest-patch-versions-per-build.json HTTP/1.1" 200 11123
2025-05-17 21:15:34,324 - INFO - Driver [/Users/junshuai.wang/.wdm/drivers/chromedriver/mac64/136.0.7103.94/chromedriver-mac-x64/chromedriver] found in cache
2025-05-17 21:15:34,336 - DEBUG - Started executable: `/Users/junshuai.wang/.wdm/drivers/chromedriver/mac64/136.0.7103.94/chromedriver-mac-x64/chromedriver` in a child process with pid: 92861 using 0 to output -3
2025-05-17 21:15:36,295 - DEBUG - POST http://localhost:55088/session {'capabilities': {'firstMatch': [{}], 'alwaysMatch': {'browserName': 'chrome', 'pageLoadStrategy': <PageLoadStrategy.normal: 'normal'>, 'goog:chromeOptions': {'extensions': [], 'args': ['--headless', '--disable-gpu', '--window-size=1920,1080', '--no-sandbox']}}}}
2025-05-17 21:15:36,296 - DEBUG - Starting new HTTP connection (1): localhost:55088
2025-05-17 21:15:41,973 - DEBUG - http://localhost:55088 "POST /session HTTP/1.1" 200 0
2025-05-17 21:15:41,974 - DEBUG - Remote response: status=200 | data={"value":{"capabilities":{"acceptInsecureCerts":false,"browserName":"chrome","browserVersion":"136.0.7103.114","chrome":{"chromedriverVersion":"136.0.7103.94 (fa0be0b33debeb378a8e6ad9c599be34e2dc3b37-refs/branch-heads/7103@{#1842})","userDataDir":"/var/folders/9g/6fhc9tv14nvbnhw7ttnqw66w0000gq/T/.org.chromium.Chromium.NbVUId"},"fedcm:accounts":true,"goog:chromeOptions":{"debuggerAddress":"localhost:55136"},"networkConnectionEnabled":false,"pageLoadStrategy":"normal","platformName":"mac","proxy":{},"setWindowRect":true,"strictFileInteractability":false,"timeouts":{"implicit":0,"pageLoad":300000,"script":30000},"unhandledPromptBehavior":"dismiss and notify","webauthn:extension:credBlob":true,"webauthn:extension:largeBlob":true,"webauthn:extension:minPinLength":true,"webauthn:extension:prf":true,"webauthn:virtualAuthenticators":true},"sessionId":"ac770cc24270854559de919276038c50"}} | headers=HTTPHeaderDict({'Content-Length': '891', 'Content-Type': 'application/json; charset=utf-8', 'cache-control': 'no-cache'})
2025-05-17 21:15:41,974 - DEBUG - Finished Request
2025-05-17 21:15:41,975 - DEBUG - 访问搜索页面: https://www.bing.com/images/search?q=泥土
2025-05-17 21:15:41,975 - DEBUG - POST http://localhost:55088/session/ac770cc24270854559de919276038c50/url {'url': 'https://www.bing.com/images/search?q=泥土'}
2025-05-17 21:15:44,325 - DEBUG - http://localhost:55088 "POST /session/ac770cc24270854559de919276038c50/url HTTP/1.1" 200 0
2025-05-17 21:15:44,325 - DEBUG - Remote response: status=200 | data={"value":null} | headers=HTTPHeaderDict({'Content-Length': '14', 'Content-Type': 'application/json; charset=utf-8', 'cache-control': 'no-cache'})
2025-05-17 21:15:44,326 - DEBUG - Finished Request
2025-05-17 21:15:47,331 - INFO - 开始滚动页面加载更多图片...
2025-05-17 21:15:47,331 - DEBUG - POST http://localhost:55088/session/ac770cc24270854559de919276038c50/execute/sync {'script': 'window.scrollTo(0, document.body.scrollHeight);', 'args': []}
2025-05-17 21:15:49,434 - DEBUG - http://localhost:55088 "POST /session/ac770cc24270854559de919276038c50/execute/sync HTTP/1.1" 200 0
2025-05-17 21:15:49,434 - DEBUG - Remote response: status=200 | data={"value":null} | headers=HTTPHeaderDict({'Content-Length': '14', 'Content-Type': 'application/json; charset=utf-8', 'cache-control': 'no-cache'})
2025-05-17 21:15:49,434 - DEBUG - Finished Request
2025-05-17 21:15:51,440 - DEBUG - 完成第 1/3 次滚动
2025-05-17 21:15:51,440 - DEBUG - POST http://localhost:55088/session/ac770cc24270854559de919276038c50/execute/sync {'script': 'window.scrollTo(0, document.body.scrollHeight);', 'args': []}
2025-05-17 21:15:52,611 - DEBUG - http://localhost:55088 "POST /session/ac770cc24270854559de919276038c50/execute/sync HTTP/1.1" 200 0
2025-05-17 21:15:52,611 - DEBUG - Remote response: status=200 | data={"value":null} | headers=HTTPHeaderDict({'Content-Length': '14', 'Content-Type': 'application/json; charset=utf-8', 'cache-control': 'no-cache'})
2025-05-17 21:15:52,611 - DEBUG - Finished Request
2025-05-17 21:15:54,616 - DEBUG - 完成第 2/3 次滚动
2025-05-17 21:15:54,617 - DEBUG - POST http://localhost:55088/session/ac770cc24270854559de919276038c50/execute/sync {'script': 'window.scrollTo(0, document.body.scrollHeight);', 'args': []}
2025-05-17 21:15:56,625 - DEBUG - http://localhost:55088 "POST /session/ac770cc24270854559de919276038c50/execute/sync HTTP/1.1" 200 0
2025-05-17 21:15:56,625 - DEBUG - Remote response: status=200 | data={"value":null} | headers=HTTPHeaderDict({'Content-Length': '14', 'Content-Type': 'application/json; charset=utf-8', 'cache-control': 'no-cache'})
2025-05-17 21:15:56,625 - DEBUG - Finished Request
2025-05-17 21:15:58,630 - DEBUG - 完成第 3/3 次滚动
2025-05-17 21:15:58,631 - INFO - 页面滚动完成，耗时: 11.30秒
2025-05-17 21:15:58,631 - DEBUG - POST http://localhost:55088/session/ac770cc24270854559de919276038c50/elements {'using': 'xpath', 'value': "//a[contains(@aria-label, '泥土 的图像结果')]"}
2025-05-17 21:15:59,849 - DEBUG - http://localhost:55088 "POST /session/ac770cc24270854559de919276038c50/elements HTTP/1.1" 200 0
2025-05-17 21:15:59,849 - DEBUG - Remote response: status=200 | data={"value":[{"element-6066-11e4-a52e-4f735466cecf":"f.E1996A12C99BC4860FF8EF6DFA534CF3.d.61D0AF85E4EAD80C4C8E33CA023C703A.e.252"},{"element-6066-11e4-a52e-4f735466cecf":"f.E1996A12C99BC4860FF8EF6DFA534CF3.d.61D0AF85E4EAD80C4C8E33CA023C703A.e.253"},{"element-6066-11e4-a52e-4f735466cecf":"f.E1996A12C99BC4860FF8EF6DFA534CF3.d.61D0AF85E4EAD80C4C8E33CA023C703A.e.254"},{"element-6066-11e4-a52e-4f735466cecf":"f.E1996A12C99BC4860FF8EF6DFA534CF3.d.61D0AF85E4EAD80C4C8E33CA023C703A.e.255"},{"element-6066-11e4-a52e-4f735466cecf":"f.E1996A12C99BC4860FF8EF6DFA534CF3.d.61D0AF85E4EAD80C4C8E33CA023C703A.e.256"},{"element-6066-11e4-a52e-4f735466cecf":"f.E1996A12C99BC4860FF8EF6DFA534CF3.d.61D0AF85E4EAD80C4C8E33CA023C703A.e.257"},{"element-6066-11e4-a52e-4f735466cecf":"f.E1996A12C99BC4860FF8EF6DFA534CF3.d.61D0AF85E4EAD80C4C8E33CA023C703A.e.258"},{"element-6066-11e4-a52e-4f735466cecf":"f.E1996A12C99BC4860FF8EF6DFA534CF3.d.61D0AF85E4EAD80C4C8E33CA023C703A.e.46"},{"element-6066-11e4-a52e-4f735466cecf":"f.E1996A12C99BC4860FF8EF6DFA534CF3.d.61D0AF85E4EAD80C4C8E33CA023C703A.e.53"},{"element-6066-11e4-a52e-4f735466cecf":"f.E1996A12C99BC4860FF8EF6DFA534CF3.d.61D0AF85E4EAD80C4C8E33CA023C703A.e.60"},{"element-6066-11e4-a52e-4f735466cecf":"f.E1996A12C99BC4860FF8EF6DFA534CF3.d.61D0AF85E4EAD80C4C8E33CA023C703A.e.67"},{"element-6066-11e4-a52e-4f735466cecf":"f.E1996A12C99BC4860FF8EF6DFA534CF3.d.61D0AF85E4EAD80C4C8E33CA023C703A.e.74"},{"element-6066-11e4-a52e-4f735466cecf":"f.E1996A12C99BC4860FF8EF6DFA534CF3.d.61D0AF85E4EAD80C4C8E33CA023C703A.e.81"},{"element-6066-11e4-a52e-4f735466cecf":"f.E1996A12C99BC4860FF8EF6DFA534CF3.d.61D0AF85E4EAD80C4C8E33CA023C703A.e.88"},{"element-6066-11e4-a52e-4f735466cecf":"f.E1996A12C99BC4860FF8EF6DFA534CF3.d.61D0AF85E4EAD80C4C8E33CA023C703A.e.95"},{"element-6066-11e4-a52e-4f735466cecf":"f.E1996A12C99BC4860FF8EF6DFA534CF3.d.61D0AF85E4EAD80C4C8E33CA023C703A.e.102"},{"element-6066-11e4-a52e-4f735466cecf":"f.E1996A12C99BC4860FF8EF6DFA534CF3.d.61D0AF85E4EAD80C4C8E33CA023C703A.e.109"},{"element-6066-11e4-a52e-4f735466cecf":"f.E1996A12C99BC4860FF8EF6DFA534CF3.d.61D0AF85E4EAD80C4C8E33CA023C703A.e.116"},{"element-6066-11e4-a52e-4f735466cecf":"f.E1996A12C99BC4860FF8EF6DFA534CF3.d.61D0AF85E4EAD80C4C8E33CA023C703A.e.123"},{"element-6066-11e4-a52e-4f735466cecf":"f.E1996A12C99BC4860FF8EF6DFA534CF3.d.61D0AF85E4EAD80C4C8E33CA023C703A.e.130"},{"element-6066-11e4-a52e-4f735466cecf":"f.E1996A12C99BC4860FF8EF6DFA534CF3.d.61D0AF85E4EAD80C4C8E33CA023C703A.e.137"},{"element-6066-11e4-a52e-4f735466cecf":"f.E1996A12C99BC4860FF8EF6DFA534CF3.d.61D0AF85E4EAD80C4C8E33CA023C703A.e.145"},{"element-6066-11e4-a52e-4f735466cecf":"f.E1996A12C99BC4860FF8EF6DFA534CF3.d.61D0AF85E4EAD80C4C8E33CA023C703A.e.152"},{"element-6066-11e4-a52e-4f735466cecf":"f.E1996A12C99BC4860FF8EF6DFA534CF3.d.61D0AF85E4EAD80C4C8E33CA023C703A.e.159"},{"element-6066-11e4-a52e-4f735466cecf":"f.E1996A12C99BC4860FF8EF6DFA534CF3.d.61D0AF85E4EAD80C4C8E33CA023C703A.e.166"},{"element-6066-11e4-a52e-4f735466cecf":"f.E1996A12C99BC4860FF8EF6DFA534CF3.d.61D0AF85E4EAD80C4C8E33CA023C703A.e.173"},{"element-6066-11e4-a52e-4f735466cecf":"f.E1996A12C99BC4860FF8EF6DFA534CF3.d.61D0AF85E4EAD80C4C8E33CA023C703A.e.180"},{"element-6066-11e4-a52e-4f735466cecf":"f.E1996A12C99BC4860FF8EF6DFA534CF3.d.61D0AF85E4EAD80C4C8E33CA023C703A.e.187"},{"element-6066-11e4-a52e-4f735466cecf":"f.E1996A12C99BC4860FF8EF6DFA534CF3.d.61D0AF85E4EAD80C4C8E33CA023C703A.e.195"},{"element-6066-11e4-a52e-4f735466cecf":"f.E1996A12C99BC4860FF8EF6DFA534CF3.d.61D0AF85E4EAD80C4C8E33CA023C703A.e.202"},{"element-6066-11e4-a52e-4f735466cecf":"f.E1996A12C99BC4860FF8EF6DFA534CF3.d.61D0AF85E4EAD80C4C8E33CA023C703A.e.209"},{"element-6066-11e4-a52e-4f735466cecf":"f.E1996A12C99BC4860FF8EF6DFA534CF3.d.61D0AF85E4EAD80C4C8E33CA023C703A.e.216"},{"element-6066-11e4-a52e-4f735466cecf":"f.E1996A12C99BC4860FF8EF6DFA534CF3.d.61D0AF85E4EAD80C4C8E33CA023C703A.e.223"},{"element-6066-11e4-a52e-4f735466cecf":"f.E1996A12C99BC4860FF8EF6DFA534CF3.d.61D0AF85E4EAD80C4C8E33CA023C703A.e.230"},{"element-6066-11e4-a52e-4f735466cecf":"f.E1996A12C99BC4860FF8EF6DFA534CF3.d.61D0AF85E4EAD80C4C8E33CA023C703A.e.237"},{"element-6066-11e4-a52e-4f735466cecf":"f.E1996A12C99BC4860FF8EF6DFA534CF3.d.61D0AF85E4EAD80C4C8E33CA023C703A.e.259"},{"element-6066-11e4-a52e-4f735466cecf":"f.E1996A12C99BC4860FF8EF6DFA534CF3.d.61D0AF85E4EAD80C4C8E33CA023C703A.e.260"},{"element-6066-11e4-a52e-4f735466cecf":"f.E1996A12C99BC4860FF8EF6DFA534CF3.d.61D0AF85E4EAD80C4C8E33CA023C703A.e.261"},{"element-6066-11e4-a52e-4f735466cecf":"f.E1996A12C99BC4860FF8EF6DFA534CF3.d.61D0AF85E4EAD80C4C8E33CA023C703A.e.262"},{"element-6066-11e4-a52e-4f735466cecf":"f.E1996A12C99BC4860FF8EF6DFA534CF3.d.61D0AF85E4EAD80C4C8E33CA023C703A.e.263"},{"element-6066-11e4-a52e-4f735466cecf":"f.E1996A12C99BC4860FF8EF6DFA534CF3.d.61D0AF85E4EAD80C4C8E33CA023C703A.e.264"},{"element-6066-11e4-a52e-4f735466cecf":"f.E1996A12C99BC4860FF8EF6DFA534CF3.d.61D0AF85E4EAD80C4C8E33CA023C703A.e.265"},{"element-6066-11e4-a52e-4f735466cecf":"f.E1996A12C99BC4860FF8EF6DFA534CF3.d.61D0AF85E4EAD80C4C8E33CA023C703A.e.266"},{"element-6066-11e4-a52e-4f735466cecf":"f.E1996A12C99BC4860FF8EF6DFA534CF3.d.61D0AF85E4EAD80C4C8E33CA023C703A.e.267"},{"element-6066-11e4-a52e-4f735466cecf":"f.E1996A12C99BC4860FF8EF6DFA534CF3.d.61D0AF85E4EAD80C4C8E33CA023C703A.e.268"},{"element-6066-11e4-a52e-4f735466cecf":"f.E1996A12C99BC4860FF8EF6DFA534CF3.d.61D0AF85E4EAD80C4C8E33CA023C703A.e.269"},{"element-6066-11e4-a52e-4f735466cecf":"f.E1996A12C99BC4860FF8EF6DFA534CF3.d.61D0AF85E4EAD80C4C8E33CA023C703A.e.270"},{"element-6066-11e4-a52e-4f735466cecf":"f.E1996A12C99BC4860FF8EF6DFA534CF3.d.61D0AF85E4EAD80C4C8E33CA023C703A.e.271"},{"element-6066-11e4-a52e-4f735466cecf":"f.E1996A12C99BC4860FF8EF6DFA534CF3.d.61D0AF85E4EAD80C4C8E33CA023C703A.e.272"},{"element-6066-11e4-a52e-4f735466cecf":"f.E1996A12C99BC4860FF8EF6DFA534CF3.d.61D0AF85E4EAD80C4C8E33CA023C703A.e.273"},{"element-6066-11e4-a52e-4f735466cecf":"f.E1996A12C99BC4860FF8EF6DFA534CF3.d.61D0AF85E4EAD80C4C8E33CA023C703A.e.247"},{"element-6066-11e4-a52e-4f735466cecf":"f.E1996A12C99BC4860FF8EF6DFA534CF3.d.61D0AF85E4EAD80C4C8E33CA023C703A.e.274"},{"element-6066-11e4-a52e-4f735466cecf":"f.E1996A12C99BC4860FF8EF6DFA534CF3.d.61D0AF85E4EAD80C4C8E33CA023C703A.e.275"},{"element-6066-11e4-a52e-4f735466cecf":"f.E1996A12C99BC4860FF8EF6DFA534CF3.d.61D0AF85E4EAD80C4C8E33CA023C703A.e.276"},{"element-6066-11e4-a52e-4f735466cecf":"f.E1996A12C99BC4860FF8EF6DFA534CF3.d.61D0AF85E4EAD80C4C8E33CA023C703A.e.277"},{"element-6066-11e4-a52e-4f735466cecf":"f.E1996A12C99BC4860FF8EF6DFA534CF3.d.61D0AF85E4EAD80C4C8E33CA023C703A.e.278"},{"element-6066-11e4-a52e-4f735466cecf":"f.E1996A12C99BC4860FF8EF6DFA534CF3.d.61D0AF85E4EAD80C4C8E33CA023C703A.e.279"},{"element-6066-11e4-a52e-4f735466cecf":"f.E1996A12C99BC4860FF8EF6DFA534CF3.d.61D0AF85E4EAD80C4C8E33CA023C703A.e.280"},{"element-6066-11e4-a52e-4f735466cecf":"f.E1996A12C99BC4860FF8EF6DFA534CF3.d.61D0AF85E4EAD80C4C8E33CA023C703A.e.281"},{"element-6066-11e4-a52e-4f735466cecf":"f.E1996A12C99BC4860FF8EF6DFA534CF3.d.61D0AF85E4EAD80C4C8E33CA023C703A.e.282"},{"element-6066-11e4-a52e-4f735466cecf":"f.E1996A12C99BC4860FF8EF6DFA534CF3.d.61D0AF85E4EAD80C4C8E33CA023C703A.e.283"},{"element-6066-11e4-a52e-4f735466cecf":"f.E1996A12C99BC4860FF8EF6DFA534CF3.d.61D0AF85E4EAD80C4C8E33CA023C703A.e.284"},{"element-6066-11e4-a52e-4f735466cecf":"f.E1996A12C99BC4860FF8EF6DFA534CF3.d.61D0AF85E4EAD80C4C8E33CA023C703A.e.285"},{"element-6066-11e4-a52e-4f735466cecf":"f.E1996A12C99BC4860FF8EF6DFA534CF3.d.61D0AF85E4EAD80C4C8E33CA023C703A.e.286"},{"element-6066-11e4-a52e-4f735466cecf":"f.E1996A12C99BC4860FF8EF6DFA534CF3.d.61D0AF85E4EAD80C4C8E33CA023C703A.e.287"},{"element-6066-11e4-a52e-4f735466cecf":"f.E1996A12C99BC4860FF8EF6DFA534CF3.d.61D0AF85E4EAD80C4C8E33CA023C703A.e.288"},{"element-6066-11e4-a52e-4f735466cecf":"f.E1996A12C99BC4860FF8EF6DFA534CF3.d.61D0AF85E4EAD80C4C8E33CA023C703A.e.289"},{"element-6066-11e4-a52e-4f735466cecf":"f.E1996A12C99BC4860FF8EF6DFA534CF3.d.61D0AF85E4EAD80C4C8E33CA023C703A.e.290"},{"element-6066-11e4-a52e-4f735466cecf":"f.E1996A12C99BC4860FF8EF6DFA534CF3.d.61D0AF85E4EAD80C4C8E33CA023C703A.e.291"},{"element-6066-11e4-a52e-4f735466cecf":"f.E1996A12C99BC4860FF8EF6DFA534CF3.d.61D0AF85E4EAD80C4C8E33CA023C703A.e.292"},{"element-6066-11e4-a52e-4f735466cecf":"f.E1996A12C99BC4860FF8EF6DFA534CF3.d.61D0AF85E4EAD80C4C8E33CA023C703A.e.293"},{"element-6066-11e4-a52e-4f735466cecf":"f.E1996A12C99BC4860FF8EF6DFA534CF3.d.61D0AF85E4EAD80C4C8E33CA023C703A.e.294"},{"element-6066-11e4-a52e-4f735466cecf":"f.E1996A12C99BC4860FF8EF6DFA534CF3.d.61D0AF85E4EAD80C4C8E33CA023C703A.e.295"},{"element-6066-11e4-a52e-4f735466cecf":"f.E1996A12C99BC4860FF8EF6DFA534CF3.d.61D0AF85E4EAD80C4C8E33CA023C703A.e.296"},{"element-6066-11e4-a52e-4f735466cecf":"f.E1996A12C99BC4860FF8EF6DFA534CF3.d.61D0AF85E4EAD80C4C8E33CA023C703A.e.297"},{"element-6066-11e4-a52e-4f735466cecf":"f.E1996A12C99BC4860FF8EF6DFA534CF3.d.61D0AF85E4EAD80C4C8E33CA023C703A.e.298"},{"element-6066-11e4-a52e-4f735466cecf":"f.E1996A12C99BC4860FF8EF6DFA534CF3.d.61D0AF85E4EAD80C4C8E33CA023C703A.e.299"},{"element-6066-11e4-a52e-4f735466cecf":"f.E1996A12C99BC4860FF8EF6DFA534CF3.d.61D0AF85E4EAD80C4C8E33CA023C703A.e.300"},{"element-6066-11e4-a52e-4f735466cecf":"f.E1996A12C99BC4860FF8EF6DFA534CF3.d.61D0AF85E4EAD80C4C8E33CA023C703A.e.301"},{"element-6066-11e4-a52e-4f735466cecf":"f.E1996A12C99BC4860FF8EF6DFA534CF3.d.61D0AF85E4EAD80C4C8E33CA023C703A.e.302"},{"element-6066-11e4-a52e-4f735466cecf":"f.E1996A12C99BC4860FF8EF6DFA534CF3.d.61D0AF85E4EAD80C4C8E33CA023C703A.e.303"},{"element-6066-11e4-a52e-4f735466cecf":"f.E1996A12C99BC4860FF8EF6DFA534CF3.d.61D0AF85E4EAD80C4C8E33CA023C703A.e.304"},{"element-6066-11e4-a52e-4f735466cecf":"f.E1996A12C99BC4860FF8EF6DFA534CF3.d.61D0AF85E4EAD80C4C8E33CA023C703A.e.305"},{"element-6066-11e4-a52e-4f735466cecf":"f.E1996A12C99BC4860FF8EF6DFA534CF3.d.61D0AF85E4EAD80C4C8E33CA023C703A.e.306"},{"element-6066-11e4-a52e-4f735466cecf":"f.E1996A12C99BC4860FF8EF6DFA534CF3.d.61D0AF85E4EAD80C4C8E33CA023C703A.e.307"},{"element-6066-11e4-a52e-4f735466cecf":"f.E1996A12C99BC4860FF8EF6DFA534CF3.d.61D0AF85E4EAD80C4C8E33CA023C703A.e.308"},{"element-6066-11e4-a52e-4f735466cecf":"f.E1996A12C99BC4860FF8EF6DFA534CF3.d.61D0AF85E4EAD80C4C8E33CA023C703A.e.309"},{"element-6066-11e4-a52e-4f735466cecf":"f.E1996A12C99BC4860FF8EF6DFA534CF3.d.61D0AF85E4EAD80C4C8E33CA023C703A.e.310"},{"element-6066-11e4-a52e-4f735466cecf":"f.E1996A12C99BC4860FF8EF6DFA534CF3.d.61D0AF85E4EAD80C4C8E33CA023C703A.e.311"},{"element-6066-11e4-a52e-4f735466cecf":"f.E1996A12C99BC4860FF8EF6DFA534CF3.d.61D0AF85E4EAD80C4C8E33CA023C703A.e.312"},{"element-6066-11e4-a52e-4f735466cecf":"f.E1996A12C99BC4860FF8EF6DFA534CF3.d.61D0AF85E4EAD80C4C8E33CA023C703A.e.313"},{"element-6066-11e4-a52e-4f735466cecf":"f.E1996A12C99BC4860FF8EF6DFA534CF3.d.61D0AF85E4EAD80C4C8E33CA023C703A.e.314"},{"element-6066-11e4-a52e-4f735466cecf":"f.E1996A12C99BC4860FF8EF6DFA534CF3.d.61D0AF85E4EAD80C4C8E33CA023C703A.e.315"},{"element-6066-11e4-a52e-4f735466cecf":"f.E1996A12C99BC4860FF8EF6DFA534CF3.d.61D0AF85E4EAD80C4C8E33CA023C703A.e.316"},{"element-6066-11e4-a52e-4f735466cecf":"f.E1996A12C99BC4860FF8EF6DFA534CF3.d.61D0AF85E4EAD80C4C8E33CA023C703A.e.317"},{"element-6066-11e4-a52e-4f735466cecf":"f.E1996A12C99BC4860FF8EF6DFA534CF3.d.61D0AF85E4EAD80C4C8E33CA023C703A.e.318"},{"element-6066-11e4-a52e-4f735466cecf":"f.E1996A12C99BC4860FF8EF6DFA534CF3.d.61D0AF85E4EAD80C4C8E33CA023C703A.e.319"},{"element-6066-11e4-a52e-4f735466cecf":"f.E1996A12C99BC4860FF8EF6DFA534CF3.d.61D0AF85E4EAD80C4C8E33CA023C703A.e.320"},{"element-6066-11e4-a52e-4f735466cecf":"f.E1996A12C99BC4860FF8EF6DFA534CF3.d.61D0AF85E4EAD80C4C8E33CA023C703A.e.321"},{"element-6066-11e4-a52e-4f735466cecf":"f.E1996A12C99BC4860FF8EF6DFA534CF3.d.61D0AF85E4EAD80C4C8E33CA023C703A.e.322"},{"element-6066-11e4-a52e-4f735466cecf":"f.E1996A12C99BC4860FF8EF6DFA534CF3.d.61D0AF85E4EAD80C4C8E33CA023C703A.e.323"},{"element-6066-11e4-a52e-4f735466cecf":"f.E1996A12C99BC4860FF8EF6DFA534CF3.d.61D0AF85E4EAD80C4C8E33CA023C703A.e.324"},{"element-6066-11e4-a52e-4f735466cecf":"f.E1996A12C99BC4860FF8EF6DFA534CF3.d.61D0AF85E4EAD80C4C8E33CA023C703A.e.325"},{"element-6066-11e4-a52e-4f735466cecf":"f.E1996A12C99BC4860FF8EF6DFA534CF3.d.61D0AF85E4EAD80C4C8E33CA023C703A.e.326"},{"element-6066-11e4-a52e-4f735466cecf":"f.E1996A12C99BC4860FF8EF6DFA534CF3.d.61D0AF85E4EAD80C4C8E33CA023C703A.e.327"}]} | headers=HTTPHeaderDict({'Content-Length': '12393', 'Content-Type': 'application/json; charset=utf-8', 'cache-control': 'no-cache'})
2025-05-17 21:15:59,850 - DEBUG - Finished Request
2025-05-17 21:15:59,851 - INFO - 找到 105 个图像详情链接
2025-05-17 21:15:59,851 - INFO - 创建保存目录: downloads/bing_泥土
2025-05-17 21:15:59,895 - DEBUG - POST http://localhost:55088/session/ac770cc24270854559de919276038c50/execute/sync {'script': '/* getAttribute */return (function(){return (function(){var d=this||self;function f(a,b){function c(...', 'args': [{'element-6066-11e4-a52e-4f735466cecf': 'f.E1996A12C99BC4860FF8EF6DFA534CF3.d.61D0AF85E4EAD80C4C8E33CA023C703A.e.252'}, 'href']}
2025-05-17 21:16:01,820 - DEBUG - http://localhost:55088 "POST /session/ac770cc24270854559de919276038c50/execute/sync HTTP/1.1" 200 0
2025-05-17 21:16:01,821 - DEBUG - Remote response: status=200 | data={"value":"https://www.bing.com/images/search?view=detailV2&ccid=g8MIAQkr&id=817068397D19F78E300412FF2E5FCA6F659F7171&thid=OIP.g8MIAQkrEq8JP5jUkuSTiwHaE7&mediaurl=https%3a%2f%2fimg95.699pic.com%2fphoto%2f50197%2f5662.jpg_wh860.jpg&cdnurl=https%3a%2f%2fth.bing.com%2fth%2fid%2fR.83c30801092b12af093f98d492e4938b%3frik%3dcXGfZW%252fKXy7%252fEg%26pid%3dImgRaw%26r%3d0&exph=573&expw=860&q=%e6%b3%a5%e5%9c%9f&simid=608016591106568210&FORM=IRPRST&ck=E0BDA9D50123EF288FA8B5F8FCEC990B&selectedIndex=0&itb=0"} | headers=HTTPHeaderDict({'Content-Length': '499', 'Content-Type': 'application/json; charset=utf-8', 'cache-control': 'no-cache'})
2025-05-17 21:16:01,821 - DEBUG - Finished Request
2025-05-17 21:16:01,821 - DEBUG - 处理详情页: https://www.bing.com/images/search?view=detailV2&ccid=g8MIAQkr&id=817068397D19F78E300412FF2E5FCA6F659F7171&thid=OIP.g8MIAQkrEq8JP5jUkuSTiwHaE7&mediaurl=https%3a%2f%2fimg95.699pic.com%2fphoto%2f50197%2f5662.jpg_wh860.jpg&cdnurl=https%3a%2f%2fth.bing.com%2fth%2fid%2fR.83c30801092b12af093f98d492e4938b%3frik%3dcXGfZW%252fKXy7%252fEg%26pid%3dImgRaw%26r%3d0&exph=573&expw=860&q=%e6%b3%a5%e5%9c%9f&simid=608016591106568210&FORM=IRPRST&ck=E0BDA9D50123EF288FA8B5F8FCEC990B&selectedIndex=0&itb=0
2025-05-17 21:16:01,821 - DEBUG - POST http://localhost:55088/session/ac770cc24270854559de919276038c50/execute/sync {'script': 'window.open(arguments[0]);', 'args': ['https://www.bing.com/images/search?view=detailV2&ccid=g8MIAQkr&id=817068397D19F78E300412FF2E5FCA6F659F7171&thid=OIP.g8MIAQkrEq8JP5jUkuSTiwHaE7&mediaurl=https%3a%2f%2fimg95.699pic.com%2fphoto%2f50197%2f5662.jpg_wh860.jpg&cdnurl=https%3a%2f%2fth.bing.com%2fth%2fid%2fR.83c30801092b12af093f98d492e4938b%3frik%3dcXGfZW%252fKXy7%252fEg%26pid%3dImgRaw%26r%3d0&exph=573&expw=860&q=%e6%b3%a5%e5%9c%9f&simid=608016591106568210&FORM=IRPRST&ck=E0BDA9D50123EF288FA8B5F8FCEC990B&selectedIndex=0&itb=0']}
2025-05-17 21:16:03,663 - DEBUG - http://localhost:55088 "POST /session/ac770cc24270854559de919276038c50/execute/sync HTTP/1.1" 200 0
2025-05-17 21:16:03,663 - DEBUG - Remote response: status=200 | data={"value":null} | headers=HTTPHeaderDict({'Content-Length': '14', 'Content-Type': 'application/json; charset=utf-8', 'cache-control': 'no-cache'})
2025-05-17 21:16:03,663 - DEBUG - Finished Request
2025-05-17 21:16:03,664 - DEBUG - GET http://localhost:55088/session/ac770cc24270854559de919276038c50/window/handles {}
2025-05-17 21:16:03,808 - DEBUG - http://localhost:55088 "GET /session/ac770cc24270854559de919276038c50/window/handles HTTP/1.1" 200 0
2025-05-17 21:16:03,808 - DEBUG - Remote response: status=200 | data={"value":["E1996A12C99BC4860FF8EF6DFA534CF3","7B579D6A0D62870EEE9CF0F8AA6C0B44"]} | headers=HTTPHeaderDict({'Content-Length': '81', 'Content-Type': 'application/json; charset=utf-8', 'cache-control': 'no-cache'})
2025-05-17 21:16:03,808 - DEBUG - Finished Request
2025-05-17 21:16:03,808 - DEBUG - POST http://localhost:55088/session/ac770cc24270854559de919276038c50/window {'handle': '7B579D6A0D62870EEE9CF0F8AA6C0B44'}
2025-05-17 21:16:03,810 - DEBUG - http://localhost:55088 "POST /session/ac770cc24270854559de919276038c50/window HTTP/1.1" 200 0
2025-05-17 21:16:03,810 - DEBUG - Remote response: status=200 | data={"value":null} | headers=HTTPHeaderDict({'Content-Length': '14', 'Content-Type': 'application/json; charset=utf-8', 'cache-control': 'no-cache'})
2025-05-17 21:16:03,810 - DEBUG - Finished Request
2025-05-17 21:16:08,816 - DEBUG - POST http://localhost:55088/session/ac770cc24270854559de919276038c50/element {'using': 'css selector', 'value': '.mainContainer'}
2025-05-17 21:16:39,624 - DEBUG - http://localhost:55088 "POST /session/ac770cc24270854559de919276038c50/element HTTP/1.1" 200 0
2025-05-17 21:16:39,625 - DEBUG - Remote response: status=200 | data={"value":{"element-6066-11e4-a52e-4f735466cecf":"f.7B579D6A0D62870EEE9CF0F8AA6C0B44.d.1790F29A6A2429A5AB6E65E72121BE2C.e.407"}} | headers=HTTPHeaderDict({'Content-Length': '127', 'Content-Type': 'application/json; charset=utf-8', 'cache-control': 'no-cache'})
2025-05-17 21:16:39,625 - DEBUG - Finished Request
2025-05-17 21:16:39,625 - DEBUG - POST http://localhost:55088/session/ac770cc24270854559de919276038c50/element/f.7B579D6A0D62870EEE9CF0F8AA6C0B44.d.1790F29A6A2429A5AB6E65E72121BE2C.e.407/element {'using': 'tag name', 'value': 'img'}
2025-05-17 21:16:39,644 - DEBUG - http://localhost:55088 "POST /session/ac770cc24270854559de919276038c50/element/f.7B579D6A0D62870EEE9CF0F8AA6C0B44.d.1790F29A6A2429A5AB6E65E72121BE2C.e.407/element HTTP/1.1" 200 0
2025-05-17 21:16:39,645 - DEBUG - Remote response: status=200 | data={"value":{"element-6066-11e4-a52e-4f735466cecf":"f.7B579D6A0D62870EEE9CF0F8AA6C0B44.d.1790F29A6A2429A5AB6E65E72121BE2C.e.335"}} | headers=HTTPHeaderDict({'Content-Length': '127', 'Content-Type': 'application/json; charset=utf-8', 'cache-control': 'no-cache'})
2025-05-17 21:16:39,645 - DEBUG - Finished Request
2025-05-17 21:16:39,645 - DEBUG - POST http://localhost:55088/session/ac770cc24270854559de919276038c50/execute/sync {'script': '/* getAttribute */return (function(){return (function(){var d=this||self;function f(a,b){function c(...', 'args': [{'element-6066-11e4-a52e-4f735466cecf': 'f.7B579D6A0D62870EEE9CF0F8AA6C0B44.d.1790F29A6A2429A5AB6E65E72121BE2C.e.335'}, 'src']}
2025-05-17 21:16:39,690 - DEBUG - http://localhost:55088 "POST /session/ac770cc24270854559de919276038c50/execute/sync HTTP/1.1" 200 0
2025-05-17 21:16:39,692 - DEBUG - Remote response: status=200 | data={"value":"https://th.bing.com/th/id/OIP.g8MIAQkrEq8JP5jUkuSTiwHaE7?r=0&cb=iwc2&rs=1&pid=ImgDetMain"} | headers=HTTPHeaderDict({'Content-Length': '100', 'Content-Type': 'application/json; charset=utf-8', 'cache-control': 'no-cache'})
2025-05-17 21:16:39,692 - DEBUG - Finished Request
2025-05-17 21:16:39,693 - INFO - 找到图片链接: https://th.bing.com/th/id/OIP.g8MIAQkrEq8JP5jUkuSTiwHaE7?r=0&cb=iwc2&rs=1&pid=ImgDetMain
2025-05-17 21:16:39,701 - INFO - 开始下载图片: https://th.bing.com/th/id/OIP.g8MIAQkrEq8JP5jUkuSTiwHaE7?r=0&cb=iwc2&rs=1&pid=ImgDetMain (尝试 1/3)
2025-05-17 21:16:39,722 - DEBUG - Starting new HTTPS connection (1): th.bing.com:443
2025-05-17 21:16:40,074 - DEBUG - https://th.bing.com:443 "GET /th/id/OIP.g8MIAQkrEq8JP5jUkuSTiwHaE7?r=0&cb=iwc2&rs=1&pid=ImgDetMain HTTP/1.1" 301 0
2025-05-17 21:16:40,076 - DEBUG - Starting new HTTPS connection (1): cn.bing.com:443
2025-05-17 21:16:40,534 - DEBUG - https://cn.bing.com:443 "GET / HTTP/1.1" 200 6939
2025-05-17 21:16:40,537 - INFO - 图片下载成功: https://th.bing.com/th/id/OIP.g8MIAQkrEq8JP5jUkuSTiwHaE7?r=0&cb=iwc2&rs=1&pid=ImgDetMain, 大小: 6.8KB, 速度: 0.01MB/s
2025-05-17 21:16:40,543 - INFO - 图片 1 下载成功 - 大小: 6.8KB, 速度: 0.01MB/s, 耗时: 0.84秒
2025-05-17 21:16:40,545 - DEBUG - DELETE http://localhost:55088/session/ac770cc24270854559de919276038c50/window {}
2025-05-17 21:16:40,617 - DEBUG - http://localhost:55088 "DELETE /session/ac770cc24270854559de919276038c50/window HTTP/1.1" 200 0
2025-05-17 21:16:40,617 - DEBUG - Remote response: status=200 | data={"value":["E1996A12C99BC4860FF8EF6DFA534CF3"]} | headers=HTTPHeaderDict({'Content-Length': '46', 'Content-Type': 'application/json; charset=utf-8', 'cache-control': 'no-cache'})
2025-05-17 21:16:40,618 - DEBUG - Finished Request
2025-05-17 21:16:40,618 - DEBUG - GET http://localhost:55088/session/ac770cc24270854559de919276038c50/window/handles {}
2025-05-17 21:16:40,627 - DEBUG - http://localhost:55088 "GET /session/ac770cc24270854559de919276038c50/window/handles HTTP/1.1" 200 0
2025-05-17 21:16:40,627 - DEBUG - Remote response: status=200 | data={"value":["E1996A12C99BC4860FF8EF6DFA534CF3"]} | headers=HTTPHeaderDict({'Content-Length': '46', 'Content-Type': 'application/json; charset=utf-8', 'cache-control': 'no-cache'})
2025-05-17 21:16:40,628 - DEBUG - Finished Request
2025-05-17 21:16:40,628 - DEBUG - POST http://localhost:55088/session/ac770cc24270854559de919276038c50/window {'handle': 'E1996A12C99BC4860FF8EF6DFA534CF3'}
2025-05-17 21:16:40,630 - DEBUG - http://localhost:55088 "POST /session/ac770cc24270854559de919276038c50/window HTTP/1.1" 200 0
2025-05-17 21:16:40,630 - DEBUG - Remote response: status=200 | data={"value":null} | headers=HTTPHeaderDict({'Content-Length': '14', 'Content-Type': 'application/json; charset=utf-8', 'cache-control': 'no-cache'})
2025-05-17 21:16:40,630 - DEBUG - Finished Request
2025-05-17 21:16:40,630 - DEBUG - POST http://localhost:55088/session/ac770cc24270854559de919276038c50/execute/sync {'script': '/* getAttribute */return (function(){return (function(){var d=this||self;function f(a,b){function c(...', 'args': [{'element-6066-11e4-a52e-4f735466cecf': 'f.E1996A12C99BC4860FF8EF6DFA534CF3.d.61D0AF85E4EAD80C4C8E33CA023C703A.e.253'}, 'href']}
2025-05-17 21:16:42,154 - DEBUG - http://localhost:55088 "POST /session/ac770cc24270854559de919276038c50/execute/sync HTTP/1.1" 200 0
2025-05-17 21:16:42,154 - DEBUG - Remote response: status=200 | data={"value":"https://www.bing.com/images/search?view=detailV2&ccid=8hbOqniN&id=6FF3270FB019158E8CB85156F9A88131086DF185&thid=OIP.8hbOqniN1pd1_Ke43g_DEQHaEK&mediaurl=https%3a%2f%2fpic.vjshi.com%2f2021-04-16%2fb31261436857bd033e6ace2509e289a5%2f00001.jpg%3fx-oss-process%3dstyle%2fwatermark&cdnurl=https%3a%2f%2fth.bing.com%2fth%2fid%2fR.f216ceaa788dd69775fca7b8de0fc311%3frik%3dhfFtCDGBqPlWUQ%26pid%3dImgRaw%26r%3d0&exph=2160&expw=3840&q=%e6%b3%a5%e5%9c%9f&simid=608032765955680390&FORM=IRPRST&ck=4EA92AB3B26A6376C513A0E0F33B1A90&selectedIndex=1&itb=0"} | headers=HTTPHeaderDict({'Content-Length': '549', 'Content-Type': 'application/json; charset=utf-8', 'cache-control': 'no-cache'})
2025-05-17 21:16:42,155 - DEBUG - Finished Request
2025-05-17 21:16:42,155 - DEBUG - 处理详情页: https://www.bing.com/images/search?view=detailV2&ccid=8hbOqniN&id=6FF3270FB019158E8CB85156F9A88131086DF185&thid=OIP.8hbOqniN1pd1_Ke43g_DEQHaEK&mediaurl=https%3a%2f%2fpic.vjshi.com%2f2021-04-16%2fb31261436857bd033e6ace2509e289a5%2f00001.jpg%3fx-oss-process%3dstyle%2fwatermark&cdnurl=https%3a%2f%2fth.bing.com%2fth%2fid%2fR.f216ceaa788dd69775fca7b8de0fc311%3frik%3dhfFtCDGBqPlWUQ%26pid%3dImgRaw%26r%3d0&exph=2160&expw=3840&q=%e6%b3%a5%e5%9c%9f&simid=608032765955680390&FORM=IRPRST&ck=4EA92AB3B26A6376C513A0E0F33B1A90&selectedIndex=1&itb=0
2025-05-17 21:16:42,155 - DEBUG - POST http://localhost:55088/session/ac770cc24270854559de919276038c50/execute/sync {'script': 'window.open(arguments[0]);', 'args': ['https://www.bing.com/images/search?view=detailV2&ccid=8hbOqniN&id=6FF3270FB019158E8CB85156F9A88131086DF185&thid=OIP.8hbOqniN1pd1_Ke43g_DEQHaEK&mediaurl=https%3a%2f%2fpic.vjshi.com%2f2021-04-16%2fb31261436857bd033e6ace2509e289a5%2f00001.jpg%3fx-oss-process%3dstyle%2fwatermark&cdnurl=https%3a%2f%2fth.bing.com%2fth%2fid%2fR.f216ceaa788dd69775fca7b8de0fc311%3frik%3dhfFtCDGBqPlWUQ%26pid%3dImgRaw%26r%3d0&exph=2160&expw=3840&q=%e6%b3%a5%e5%9c%9f&simid=608032765955680390&FORM=IRPRST&ck=4EA92AB3B26A6376C513A0E0F33B1A90&selectedIndex=1&itb=0']}
2025-05-17 21:16:42,527 - DEBUG - http://localhost:55088 "POST /session/ac770cc24270854559de919276038c50/execute/sync HTTP/1.1" 200 0
2025-05-17 21:16:42,528 - DEBUG - Remote response: status=200 | data={"value":null} | headers=HTTPHeaderDict({'Content-Length': '14', 'Content-Type': 'application/json; charset=utf-8', 'cache-control': 'no-cache'})
2025-05-17 21:16:42,528 - DEBUG - Finished Request
2025-05-17 21:16:42,528 - DEBUG - GET http://localhost:55088/session/ac770cc24270854559de919276038c50/window/handles {}
2025-05-17 21:16:43,010 - DEBUG - http://localhost:55088 "GET /session/ac770cc24270854559de919276038c50/window/handles HTTP/1.1" 200 0
2025-05-17 21:16:43,010 - DEBUG - Remote response: status=200 | data={"value":["E1996A12C99BC4860FF8EF6DFA534CF3","6E5E541E0AEEF0B7C0E1CDB968DABD9B"]} | headers=HTTPHeaderDict({'Content-Length': '81', 'Content-Type': 'application/json; charset=utf-8', 'cache-control': 'no-cache'})
2025-05-17 21:16:43,010 - DEBUG - Finished Request
2025-05-17 21:16:43,010 - DEBUG - POST http://localhost:55088/session/ac770cc24270854559de919276038c50/window {'handle': '6E5E541E0AEEF0B7C0E1CDB968DABD9B'}
2025-05-17 21:16:43,012 - DEBUG - http://localhost:55088 "POST /session/ac770cc24270854559de919276038c50/window HTTP/1.1" 200 0
2025-05-17 21:16:43,012 - DEBUG - Remote response: status=200 | data={"value":null} | headers=HTTPHeaderDict({'Content-Length': '14', 'Content-Type': 'application/json; charset=utf-8', 'cache-control': 'no-cache'})
2025-05-17 21:16:43,012 - DEBUG - Finished Request
2025-05-17 21:16:48,017 - DEBUG - POST http://localhost:55088/session/ac770cc24270854559de919276038c50/element {'using': 'css selector', 'value': '.mainContainer'}
2025-05-17 21:17:08,749 - DEBUG - http://localhost:55088 "POST /session/ac770cc24270854559de919276038c50/element HTTP/1.1" 200 0
2025-05-17 21:17:08,750 - DEBUG - Remote response: status=200 | data={"value":{"element-6066-11e4-a52e-4f735466cecf":"f.6E5E541E0AEEF0B7C0E1CDB968DABD9B.d.838F158C785A92127B116452536619D3.e.456"}} | headers=HTTPHeaderDict({'Content-Length': '127', 'Content-Type': 'application/json; charset=utf-8', 'cache-control': 'no-cache'})
2025-05-17 21:17:08,750 - DEBUG - Finished Request
2025-05-17 21:17:08,750 - DEBUG - POST http://localhost:55088/session/ac770cc24270854559de919276038c50/element/f.6E5E541E0AEEF0B7C0E1CDB968DABD9B.d.838F158C785A92127B116452536619D3.e.456/element {'using': 'tag name', 'value': 'img'}
2025-05-17 21:17:08,890 - DEBUG - http://localhost:55088 "POST /session/ac770cc24270854559de919276038c50/element/f.6E5E541E0AEEF0B7C0E1CDB968DABD9B.d.838F158C785A92127B116452536619D3.e.456/element HTTP/1.1" 200 0
2025-05-17 21:17:08,890 - DEBUG - Remote response: status=200 | data={"value":{"element-6066-11e4-a52e-4f735466cecf":"f.6E5E541E0AEEF0B7C0E1CDB968DABD9B.d.838F158C785A92127B116452536619D3.e.457"}} | headers=HTTPHeaderDict({'Content-Length': '127', 'Content-Type': 'application/json; charset=utf-8', 'cache-control': 'no-cache'})
2025-05-17 21:17:08,891 - DEBUG - Finished Request
2025-05-17 21:17:08,891 - DEBUG - POST http://localhost:55088/session/ac770cc24270854559de919276038c50/execute/sync {'script': '/* getAttribute */return (function(){return (function(){var d=this||self;function f(a,b){function c(...', 'args': [{'element-6066-11e4-a52e-4f735466cecf': 'f.6E5E541E0AEEF0B7C0E1CDB968DABD9B.d.838F158C785A92127B116452536619D3.e.457'}, 'src']}
2025-05-17 21:17:08,910 - DEBUG - http://localhost:55088 "POST /session/ac770cc24270854559de919276038c50/execute/sync HTTP/1.1" 200 0
2025-05-17 21:17:08,910 - DEBUG - Remote response: status=200 | data={"value":"https://img95.699pic.com/photo/50197/5662.jpg_wh860.jpg"} | headers=HTTPHeaderDict({'Content-Length': '67', 'Content-Type': 'application/json; charset=utf-8', 'cache-control': 'no-cache'})
2025-05-17 21:17:08,910 - DEBUG - Finished Request
2025-05-17 21:17:08,911 - INFO - 找到图片链接: https://img95.699pic.com/photo/50197/5662.jpg_wh860.jpg
2025-05-17 21:17:08,911 - INFO - 开始下载图片: https://img95.699pic.com/photo/50197/5662.jpg_wh860.jpg (尝试 1/3)
2025-05-17 21:17:08,914 - DEBUG - Starting new HTTPS connection (1): img95.699pic.com:443
2025-05-17 21:17:09,073 - DEBUG - https://img95.699pic.com:443 "GET /photo/50197/5662.jpg_wh860.jpg HTTP/1.1" 200 194185
2025-05-17 21:17:09,122 - INFO - 图片下载成功: https://img95.699pic.com/photo/50197/5662.jpg_wh860.jpg, 大小: 189.6KB, 速度: 0.88MB/s
2025-05-17 21:17:09,125 - INFO - 图片 2 下载成功 - 大小: 189.6KB, 速度: 0.88MB/s, 耗时: 0.21秒
2025-05-17 21:17:09,126 - DEBUG - DELETE http://localhost:55088/session/ac770cc24270854559de919276038c50/window {}
2025-05-17 21:17:09,247 - DEBUG - http://localhost:55088 "DELETE /session/ac770cc24270854559de919276038c50/window HTTP/1.1" 200 0
2025-05-17 21:17:09,247 - DEBUG - Remote response: status=200 | data={"value":["E1996A12C99BC4860FF8EF6DFA534CF3"]} | headers=HTTPHeaderDict({'Content-Length': '46', 'Content-Type': 'application/json; charset=utf-8', 'cache-control': 'no-cache'})
2025-05-17 21:17:09,247 - DEBUG - Finished Request
2025-05-17 21:17:09,247 - DEBUG - GET http://localhost:55088/session/ac770cc24270854559de919276038c50/window/handles {}
2025-05-17 21:17:09,248 - DEBUG - http://localhost:55088 "GET /session/ac770cc24270854559de919276038c50/window/handles HTTP/1.1" 200 0
2025-05-17 21:17:09,248 - DEBUG - Remote response: status=200 | data={"value":["E1996A12C99BC4860FF8EF6DFA534CF3"]} | headers=HTTPHeaderDict({'Content-Length': '46', 'Content-Type': 'application/json; charset=utf-8', 'cache-control': 'no-cache'})
2025-05-17 21:17:09,249 - DEBUG - Finished Request
2025-05-17 21:17:09,249 - DEBUG - POST http://localhost:55088/session/ac770cc24270854559de919276038c50/window {'handle': 'E1996A12C99BC4860FF8EF6DFA534CF3'}
2025-05-17 21:17:09,251 - DEBUG - http://localhost:55088 "POST /session/ac770cc24270854559de919276038c50/window HTTP/1.1" 200 0
2025-05-17 21:17:09,251 - DEBUG - Remote response: status=200 | data={"value":null} | headers=HTTPHeaderDict({'Content-Length': '14', 'Content-Type': 'application/json; charset=utf-8', 'cache-control': 'no-cache'})
2025-05-17 21:17:09,252 - DEBUG - Finished Request
2025-05-17 21:17:09,252 - DEBUG - POST http://localhost:55088/session/ac770cc24270854559de919276038c50/execute/sync {'script': '/* getAttribute */return (function(){return (function(){var d=this||self;function f(a,b){function c(...', 'args': [{'element-6066-11e4-a52e-4f735466cecf': 'f.E1996A12C99BC4860FF8EF6DFA534CF3.d.61D0AF85E4EAD80C4C8E33CA023C703A.e.254'}, 'href']}
2025-05-17 21:17:09,464 - DEBUG - http://localhost:55088 "POST /session/ac770cc24270854559de919276038c50/execute/sync HTTP/1.1" 200 0
2025-05-17 21:17:09,464 - DEBUG - Remote response: status=200 | data={"value":"https://www.bing.com/images/search?view=detailV2&ccid=LrSCdYnl&id=7F1055ED630B8F08987B30C1BA1D885706B96DE3&thid=OIP.LrSCdYnlLrQ1mkUbX8rZhAHaFQ&mediaurl=https%3a%2f%2fpic.nximg.cn%2f2009-03-03%2f200933131934141_2.jpg&cdnurl=https%3a%2f%2fth.bing.com%2fth%2fid%2fR.2eb4827589e52eb4359a451b5fcad984%3frik%3d4225BleIHbrBMA%26pid%3dImgRaw%26r%3d0&exph=727&expw=1024&q=%e6%b3%a5%e5%9c%9f&simid=607994274456018595&FORM=IRPRST&ck=2E796484F8DF76249C4D50F0A0B56695&selectedIndex=2&itb=0"} | headers=HTTPHeaderDict({'Content-Length': '488', 'Content-Type': 'application/json; charset=utf-8', 'cache-control': 'no-cache'})
2025-05-17 21:17:09,464 - DEBUG - Finished Request
2025-05-17 21:17:09,464 - DEBUG - 处理详情页: https://www.bing.com/images/search?view=detailV2&ccid=LrSCdYnl&id=7F1055ED630B8F08987B30C1BA1D885706B96DE3&thid=OIP.LrSCdYnlLrQ1mkUbX8rZhAHaFQ&mediaurl=https%3a%2f%2fpic.nximg.cn%2f2009-03-03%2f200933131934141_2.jpg&cdnurl=https%3a%2f%2fth.bing.com%2fth%2fid%2fR.2eb4827589e52eb4359a451b5fcad984%3frik%3d4225BleIHbrBMA%26pid%3dImgRaw%26r%3d0&exph=727&expw=1024&q=%e6%b3%a5%e5%9c%9f&simid=607994274456018595&FORM=IRPRST&ck=2E796484F8DF76249C4D50F0A0B56695&selectedIndex=2&itb=0
2025-05-17 21:17:09,465 - DEBUG - POST http://localhost:55088/session/ac770cc24270854559de919276038c50/execute/sync {'script': 'window.open(arguments[0]);', 'args': ['https://www.bing.com/images/search?view=detailV2&ccid=LrSCdYnl&id=7F1055ED630B8F08987B30C1BA1D885706B96DE3&thid=OIP.LrSCdYnlLrQ1mkUbX8rZhAHaFQ&mediaurl=https%3a%2f%2fpic.nximg.cn%2f2009-03-03%2f200933131934141_2.jpg&cdnurl=https%3a%2f%2fth.bing.com%2fth%2fid%2fR.2eb4827589e52eb4359a451b5fcad984%3frik%3d4225BleIHbrBMA%26pid%3dImgRaw%26r%3d0&exph=727&expw=1024&q=%e6%b3%a5%e5%9c%9f&simid=607994274456018595&FORM=IRPRST&ck=2E796484F8DF76249C4D50F0A0B56695&selectedIndex=2&itb=0']}
2025-05-17 21:17:09,955 - DEBUG - http://localhost:55088 "POST /session/ac770cc24270854559de919276038c50/execute/sync HTTP/1.1" 200 0
2025-05-17 21:17:09,955 - DEBUG - Remote response: status=200 | data={"value":null} | headers=HTTPHeaderDict({'Content-Length': '14', 'Content-Type': 'application/json; charset=utf-8', 'cache-control': 'no-cache'})
2025-05-17 21:17:09,955 - DEBUG - Finished Request
2025-05-17 21:17:09,955 - DEBUG - GET http://localhost:55088/session/ac770cc24270854559de919276038c50/window/handles {}
2025-05-17 21:17:10,632 - DEBUG - http://localhost:55088 "GET /session/ac770cc24270854559de919276038c50/window/handles HTTP/1.1" 200 0
2025-05-17 21:17:10,632 - DEBUG - Remote response: status=200 | data={"value":["E1996A12C99BC4860FF8EF6DFA534CF3","2133FEB7169D77B0BC0408EA3EC8E40C"]} | headers=HTTPHeaderDict({'Content-Length': '81', 'Content-Type': 'application/json; charset=utf-8', 'cache-control': 'no-cache'})
2025-05-17 21:17:10,632 - DEBUG - Finished Request
2025-05-17 21:17:10,632 - DEBUG - POST http://localhost:55088/session/ac770cc24270854559de919276038c50/window {'handle': '2133FEB7169D77B0BC0408EA3EC8E40C'}
2025-05-17 21:17:10,634 - DEBUG - http://localhost:55088 "POST /session/ac770cc24270854559de919276038c50/window HTTP/1.1" 200 0
2025-05-17 21:17:10,634 - DEBUG - Remote response: status=200 | data={"value":null} | headers=HTTPHeaderDict({'Content-Length': '14', 'Content-Type': 'application/json; charset=utf-8', 'cache-control': 'no-cache'})
2025-05-17 21:17:10,634 - DEBUG - Finished Request
2025-05-17 21:17:15,639 - DEBUG - POST http://localhost:55088/session/ac770cc24270854559de919276038c50/element {'using': 'css selector', 'value': '.mainContainer'}
2025-05-17 21:17:36,780 - DEBUG - http://localhost:55088 "POST /session/ac770cc24270854559de919276038c50/element HTTP/1.1" 200 0
2025-05-17 21:17:36,781 - DEBUG - Remote response: status=200 | data={"value":{"element-6066-11e4-a52e-4f735466cecf":"f.2133FEB7169D77B0BC0408EA3EC8E40C.d.CCF6EE9315650D2007E2E7C208DF96C2.e.506"}} | headers=HTTPHeaderDict({'Content-Length': '127', 'Content-Type': 'application/json; charset=utf-8', 'cache-control': 'no-cache'})
2025-05-17 21:17:36,781 - DEBUG - Finished Request
2025-05-17 21:17:36,782 - DEBUG - POST http://localhost:55088/session/ac770cc24270854559de919276038c50/element/f.2133FEB7169D77B0BC0408EA3EC8E40C.d.CCF6EE9315650D2007E2E7C208DF96C2.e.506/element {'using': 'tag name', 'value': 'img'}
2025-05-17 21:17:37,001 - DEBUG - http://localhost:55088 "POST /session/ac770cc24270854559de919276038c50/element/f.2133FEB7169D77B0BC0408EA3EC8E40C.d.CCF6EE9315650D2007E2E7C208DF96C2.e.506/element HTTP/1.1" 200 0
2025-05-17 21:17:37,001 - DEBUG - Remote response: status=200 | data={"value":{"element-6066-11e4-a52e-4f735466cecf":"f.2133FEB7169D77B0BC0408EA3EC8E40C.d.CCF6EE9315650D2007E2E7C208DF96C2.e.507"}} | headers=HTTPHeaderDict({'Content-Length': '127', 'Content-Type': 'application/json; charset=utf-8', 'cache-control': 'no-cache'})
2025-05-17 21:17:37,001 - DEBUG - Finished Request
2025-05-17 21:17:37,002 - DEBUG - POST http://localhost:55088/session/ac770cc24270854559de919276038c50/execute/sync {'script': '/* getAttribute */return (function(){return (function(){var d=this||self;function f(a,b){function c(...', 'args': [{'element-6066-11e4-a52e-4f735466cecf': 'f.2133FEB7169D77B0BC0408EA3EC8E40C.d.CCF6EE9315650D2007E2E7C208DF96C2.e.507'}, 'src']}
2025-05-17 21:17:37,099 - DEBUG - http://localhost:55088 "POST /session/ac770cc24270854559de919276038c50/execute/sync HTTP/1.1" 200 0
2025-05-17 21:17:37,099 - DEBUG - Remote response: status=200 | data={"value":"https://pic.vjshi.com/2021-04-16/b31261436857bd033e6ace2509e289a5/00001.jpg?x-oss-process=style/watermark"} | headers=HTTPHeaderDict({'Content-Length': '117', 'Content-Type': 'application/json; charset=utf-8', 'cache-control': 'no-cache'})
2025-05-17 21:17:37,099 - DEBUG - Finished Request
2025-05-17 21:17:37,099 - INFO - 找到图片链接: https://pic.vjshi.com/2021-04-16/b31261436857bd033e6ace2509e289a5/00001.jpg?x-oss-process=style/watermark
2025-05-17 21:17:37,099 - INFO - 开始下载图片: https://pic.vjshi.com/2021-04-16/b31261436857bd033e6ace2509e289a5/00001.jpg?x-oss-process=style/watermark (尝试 1/3)
2025-05-17 21:17:37,101 - DEBUG - Starting new HTTPS connection (1): pic.vjshi.com:443
2025-05-17 21:17:37,274 - DEBUG - https://pic.vjshi.com:443 "GET /2021-04-16/b31261436857bd033e6ace2509e289a5/00001.jpg?x-oss-process=style/watermark HTTP/1.1" 200 435965
2025-05-17 21:17:37,425 - INFO - 图片下载成功: https://pic.vjshi.com/2021-04-16/b31261436857bd033e6ace2509e289a5/00001.jpg?x-oss-process=style/watermark, 大小: 425.7KB, 速度: 1.28MB/s
2025-05-17 21:17:37,428 - INFO - 图片 3 下载成功 - 大小: 425.7KB, 速度: 1.28MB/s, 耗时: 0.33秒
2025-05-17 21:17:37,428 - DEBUG - DELETE http://localhost:55088/session/ac770cc24270854559de919276038c50/window {}
2025-05-17 21:17:37,968 - DEBUG - http://localhost:55088 "DELETE /session/ac770cc24270854559de919276038c50/window HTTP/1.1" 200 0
2025-05-17 21:17:37,968 - DEBUG - Remote response: status=200 | data={"value":["E1996A12C99BC4860FF8EF6DFA534CF3"]} | headers=HTTPHeaderDict({'Content-Length': '46', 'Content-Type': 'application/json; charset=utf-8', 'cache-control': 'no-cache'})
2025-05-17 21:17:37,968 - DEBUG - Finished Request
2025-05-17 21:17:37,968 - DEBUG - GET http://localhost:55088/session/ac770cc24270854559de919276038c50/window/handles {}
2025-05-17 21:17:37,970 - DEBUG - http://localhost:55088 "GET /session/ac770cc24270854559de919276038c50/window/handles HTTP/1.1" 200 0
2025-05-17 21:17:37,970 - DEBUG - Remote response: status=200 | data={"value":["E1996A12C99BC4860FF8EF6DFA534CF3"]} | headers=HTTPHeaderDict({'Content-Length': '46', 'Content-Type': 'application/json; charset=utf-8', 'cache-control': 'no-cache'})
2025-05-17 21:17:37,970 - DEBUG - Finished Request
2025-05-17 21:17:37,970 - DEBUG - POST http://localhost:55088/session/ac770cc24270854559de919276038c50/window {'handle': 'E1996A12C99BC4860FF8EF6DFA534CF3'}
2025-05-17 21:17:37,972 - DEBUG - http://localhost:55088 "POST /session/ac770cc24270854559de919276038c50/window HTTP/1.1" 200 0
2025-05-17 21:17:37,972 - DEBUG - Remote response: status=200 | data={"value":null} | headers=HTTPHeaderDict({'Content-Length': '14', 'Content-Type': 'application/json; charset=utf-8', 'cache-control': 'no-cache'})
2025-05-17 21:17:37,972 - DEBUG - Finished Request
2025-05-17 21:17:37,972 - DEBUG - POST http://localhost:55088/session/ac770cc24270854559de919276038c50/execute/sync {'script': '/* getAttribute */return (function(){return (function(){var d=this||self;function f(a,b){function c(...', 'args': [{'element-6066-11e4-a52e-4f735466cecf': 'f.E1996A12C99BC4860FF8EF6DFA534CF3.d.61D0AF85E4EAD80C4C8E33CA023C703A.e.255'}, 'href']}
2025-05-17 21:17:40,792 - DEBUG - http://localhost:55088 "POST /session/ac770cc24270854559de919276038c50/execute/sync HTTP/1.1" 200 0
2025-05-17 21:17:40,792 - DEBUG - Remote response: status=200 | data={"value":"https://www.bing.com/images/search?view=detailV2&ccid=5jB4Xc7Z&id=C34FCF4B998A757F8BA6A96CA95F71ACE6655E68&thid=OIP.5jB4Xc7ZMyLgdLG_WDD2cwHaE7&mediaurl=https%3a%2f%2fimg95.699pic.com%2fphoto%2f60018%2f4734.jpg_wh860.jpg&cdnurl=https%3a%2f%2fth.bing.com%2fth%2fid%2fR.e630785dced93322e074b1bf5830f673%3frik%3daF5l5qxxX6lsqQ%26pid%3dImgRaw%26r%3d0&exph=573&expw=860&q=%e6%b3%a5%e5%9c%9f&simid=608027225441924353&FORM=IRPRST&ck=AC58C20CD6DB0A6B68A36AEFAC30D152&selectedIndex=3&itb=0"} | headers=HTTPHeaderDict({'Content-Length': '491', 'Content-Type': 'application/json; charset=utf-8', 'cache-control': 'no-cache'})
2025-05-17 21:17:40,792 - DEBUG - Finished Request
2025-05-17 21:17:40,792 - DEBUG - 处理详情页: https://www.bing.com/images/search?view=detailV2&ccid=5jB4Xc7Z&id=C34FCF4B998A757F8BA6A96CA95F71ACE6655E68&thid=OIP.5jB4Xc7ZMyLgdLG_WDD2cwHaE7&mediaurl=https%3a%2f%2fimg95.699pic.com%2fphoto%2f60018%2f4734.jpg_wh860.jpg&cdnurl=https%3a%2f%2fth.bing.com%2fth%2fid%2fR.e630785dced93322e074b1bf5830f673%3frik%3daF5l5qxxX6lsqQ%26pid%3dImgRaw%26r%3d0&exph=573&expw=860&q=%e6%b3%a5%e5%9c%9f&simid=608027225441924353&FORM=IRPRST&ck=AC58C20CD6DB0A6B68A36AEFAC30D152&selectedIndex=3&itb=0
2025-05-17 21:17:40,793 - DEBUG - POST http://localhost:55088/session/ac770cc24270854559de919276038c50/execute/sync {'script': 'window.open(arguments[0]);', 'args': ['https://www.bing.com/images/search?view=detailV2&ccid=5jB4Xc7Z&id=C34FCF4B998A757F8BA6A96CA95F71ACE6655E68&thid=OIP.5jB4Xc7ZMyLgdLG_WDD2cwHaE7&mediaurl=https%3a%2f%2fimg95.699pic.com%2fphoto%2f60018%2f4734.jpg_wh860.jpg&cdnurl=https%3a%2f%2fth.bing.com%2fth%2fid%2fR.e630785dced93322e074b1bf5830f673%3frik%3daF5l5qxxX6lsqQ%26pid%3dImgRaw%26r%3d0&exph=573&expw=860&q=%e6%b3%a5%e5%9c%9f&simid=608027225441924353&FORM=IRPRST&ck=AC58C20CD6DB0A6B68A36AEFAC30D152&selectedIndex=3&itb=0']}
2025-05-17 21:17:41,305 - DEBUG - http://localhost:55088 "POST /session/ac770cc24270854559de919276038c50/execute/sync HTTP/1.1" 200 0
2025-05-17 21:17:41,305 - DEBUG - Remote response: status=200 | data={"value":null} | headers=HTTPHeaderDict({'Content-Length': '14', 'Content-Type': 'application/json; charset=utf-8', 'cache-control': 'no-cache'})
2025-05-17 21:17:41,305 - DEBUG - Finished Request
2025-05-17 21:17:41,305 - DEBUG - GET http://localhost:55088/session/ac770cc24270854559de919276038c50/window/handles {}
2025-05-17 21:17:42,258 - DEBUG - http://localhost:55088 "GET /session/ac770cc24270854559de919276038c50/window/handles HTTP/1.1" 200 0
2025-05-17 21:17:42,260 - DEBUG - Remote response: status=200 | data={"value":["E1996A12C99BC4860FF8EF6DFA534CF3","A7B29DCCB419C7BB4256BE250280BD1F"]} | headers=HTTPHeaderDict({'Content-Length': '81', 'Content-Type': 'application/json; charset=utf-8', 'cache-control': 'no-cache'})
2025-05-17 21:17:42,260 - DEBUG - Finished Request
2025-05-17 21:17:42,260 - DEBUG - POST http://localhost:55088/session/ac770cc24270854559de919276038c50/window {'handle': 'A7B29DCCB419C7BB4256BE250280BD1F'}
2025-05-17 21:17:42,290 - DEBUG - http://localhost:55088 "POST /session/ac770cc24270854559de919276038c50/window HTTP/1.1" 200 0
2025-05-17 21:17:42,291 - DEBUG - Remote response: status=200 | data={"value":null} | headers=HTTPHeaderDict({'Content-Length': '14', 'Content-Type': 'application/json; charset=utf-8', 'cache-control': 'no-cache'})
2025-05-17 21:17:42,292 - DEBUG - Finished Request
2025-05-17 21:17:47,299 - DEBUG - POST http://localhost:55088/session/ac770cc24270854559de919276038c50/element {'using': 'css selector', 'value': '.mainContainer'}
2025-05-17 21:18:07,311 - DEBUG - http://localhost:55088 "POST /session/ac770cc24270854559de919276038c50/element HTTP/1.1" 200 0
2025-05-17 21:18:07,311 - DEBUG - Remote response: status=200 | data={"value":{"element-6066-11e4-a52e-4f735466cecf":"f.A7B29DCCB419C7BB4256BE250280BD1F.d.E169A4DB0A894089229C0812887C0AE4.e.558"}} | headers=HTTPHeaderDict({'Content-Length': '127', 'Content-Type': 'application/json; charset=utf-8', 'cache-control': 'no-cache'})
2025-05-17 21:18:07,312 - DEBUG - Finished Request
2025-05-17 21:18:07,312 - DEBUG - POST http://localhost:55088/session/ac770cc24270854559de919276038c50/element/f.A7B29DCCB419C7BB4256BE250280BD1F.d.E169A4DB0A894089229C0812887C0AE4.e.558/element {'using': 'tag name', 'value': 'img'}
2025-05-17 21:18:07,592 - DEBUG - http://localhost:55088 "POST /session/ac770cc24270854559de919276038c50/element/f.A7B29DCCB419C7BB4256BE250280BD1F.d.E169A4DB0A894089229C0812887C0AE4.e.558/element HTTP/1.1" 200 0
2025-05-17 21:18:07,592 - DEBUG - Remote response: status=200 | data={"value":{"element-6066-11e4-a52e-4f735466cecf":"f.A7B29DCCB419C7BB4256BE250280BD1F.d.E169A4DB0A894089229C0812887C0AE4.e.559"}} | headers=HTTPHeaderDict({'Content-Length': '127', 'Content-Type': 'application/json; charset=utf-8', 'cache-control': 'no-cache'})
2025-05-17 21:18:07,592 - DEBUG - Finished Request
2025-05-17 21:18:07,592 - DEBUG - POST http://localhost:55088/session/ac770cc24270854559de919276038c50/execute/sync {'script': '/* getAttribute */return (function(){return (function(){var d=this||self;function f(a,b){function c(...', 'args': [{'element-6066-11e4-a52e-4f735466cecf': 'f.A7B29DCCB419C7BB4256BE250280BD1F.d.E169A4DB0A894089229C0812887C0AE4.e.559'}, 'src']}
2025-05-17 21:18:07,684 - DEBUG - http://localhost:55088 "POST /session/ac770cc24270854559de919276038c50/execute/sync HTTP/1.1" 200 0
2025-05-17 21:18:07,684 - DEBUG - Remote response: status=200 | data={"value":"https://pic.nximg.cn/2009-03-03/200933131934141_2.jpg"} | headers=HTTPHeaderDict({'Content-Length': '65', 'Content-Type': 'application/json; charset=utf-8', 'cache-control': 'no-cache'})
2025-05-17 21:18:07,684 - DEBUG - Finished Request
2025-05-17 21:18:07,684 - INFO - 找到图片链接: https://pic.nximg.cn/2009-03-03/200933131934141_2.jpg
2025-05-17 21:18:07,685 - INFO - 开始下载图片: https://pic.nximg.cn/2009-03-03/200933131934141_2.jpg (尝试 1/3)
2025-05-17 21:18:07,686 - DEBUG - Starting new HTTPS connection (1): pic.nximg.cn:443
2025-05-17 21:18:07,853 - DEBUG - https://pic.nximg.cn:443 "GET /2009-03-03/200933131934141_2.jpg HTTP/1.1" 200 733465
2025-05-17 21:18:08,031 - INFO - 图片下载成功: https://pic.nximg.cn/2009-03-03/200933131934141_2.jpg, 大小: 716.3KB, 速度: 2.02MB/s
2025-05-17 21:18:08,035 - INFO - 图片 4 下载成功 - 大小: 716.3KB, 速度: 2.02MB/s, 耗时: 0.35秒
2025-05-17 21:18:08,035 - DEBUG - DELETE http://localhost:55088/session/ac770cc24270854559de919276038c50/window {}
2025-05-17 21:18:08,586 - DEBUG - http://localhost:55088 "DELETE /session/ac770cc24270854559de919276038c50/window HTTP/1.1" 200 0
2025-05-17 21:18:08,586 - DEBUG - Remote response: status=200 | data={"value":["E1996A12C99BC4860FF8EF6DFA534CF3"]} | headers=HTTPHeaderDict({'Content-Length': '46', 'Content-Type': 'application/json; charset=utf-8', 'cache-control': 'no-cache'})
2025-05-17 21:18:08,587 - DEBUG - Finished Request
2025-05-17 21:18:08,587 - DEBUG - GET http://localhost:55088/session/ac770cc24270854559de919276038c50/window/handles {}
2025-05-17 21:18:08,588 - DEBUG - http://localhost:55088 "GET /session/ac770cc24270854559de919276038c50/window/handles HTTP/1.1" 200 0
2025-05-17 21:18:08,588 - DEBUG - Remote response: status=200 | data={"value":["E1996A12C99BC4860FF8EF6DFA534CF3"]} | headers=HTTPHeaderDict({'Content-Length': '46', 'Content-Type': 'application/json; charset=utf-8', 'cache-control': 'no-cache'})
2025-05-17 21:18:08,588 - DEBUG - Finished Request
2025-05-17 21:18:08,588 - DEBUG - POST http://localhost:55088/session/ac770cc24270854559de919276038c50/window {'handle': 'E1996A12C99BC4860FF8EF6DFA534CF3'}
2025-05-17 21:18:08,590 - DEBUG - http://localhost:55088 "POST /session/ac770cc24270854559de919276038c50/window HTTP/1.1" 200 0
2025-05-17 21:18:08,590 - DEBUG - Remote response: status=200 | data={"value":null} | headers=HTTPHeaderDict({'Content-Length': '14', 'Content-Type': 'application/json; charset=utf-8', 'cache-control': 'no-cache'})
2025-05-17 21:18:08,590 - DEBUG - Finished Request
2025-05-17 21:18:08,590 - DEBUG - POST http://localhost:55088/session/ac770cc24270854559de919276038c50/execute/sync {'script': '/* getAttribute */return (function(){return (function(){var d=this||self;function f(a,b){function c(...', 'args': [{'element-6066-11e4-a52e-4f735466cecf': 'f.E1996A12C99BC4860FF8EF6DFA534CF3.d.61D0AF85E4EAD80C4C8E33CA023C703A.e.256'}, 'href']}
2025-05-17 21:18:12,380 - DEBUG - http://localhost:55088 "POST /session/ac770cc24270854559de919276038c50/execute/sync HTTP/1.1" 200 0
2025-05-17 21:18:12,380 - DEBUG - Remote response: status=200 | data={"value":"https://www.bing.com/images/search?view=detailV2&ccid=ndRYCiz8&id=4DE2DEDA40ED3D442B80D3E2CB3F74414F9CC27C&thid=OIP.ndRYCiz8trUN9L5c4mjw9AHaFO&mediaurl=https%3a%2f%2fpicb1.photophoto.cn%2f10%2f056%2f10056201_1.jpg&cdnurl=https%3a%2f%2fth.bing.com%2fth%2fid%2fR.9dd4580a2cfcb6b50df4be5ce268f0f4%3frik%3dfMKcT0F0P8vi0w%26pid%3dImgRaw%26r%3d0&exph=847&expw=1200&q=%e6%b3%a5%e5%9c%9f&simid=607995193557911376&FORM=IRPRST&ck=87862CEBA02384D62C76150D3A0CE177&selectedIndex=4&itb=0"} | headers=HTTPHeaderDict({'Content-Length': '486', 'Content-Type': 'application/json; charset=utf-8', 'cache-control': 'no-cache'})
2025-05-17 21:18:12,380 - DEBUG - Finished Request
2025-05-17 21:18:12,380 - DEBUG - 处理详情页: https://www.bing.com/images/search?view=detailV2&ccid=ndRYCiz8&id=4DE2DEDA40ED3D442B80D3E2CB3F74414F9CC27C&thid=OIP.ndRYCiz8trUN9L5c4mjw9AHaFO&mediaurl=https%3a%2f%2fpicb1.photophoto.cn%2f10%2f056%2f10056201_1.jpg&cdnurl=https%3a%2f%2fth.bing.com%2fth%2fid%2fR.9dd4580a2cfcb6b50df4be5ce268f0f4%3frik%3dfMKcT0F0P8vi0w%26pid%3dImgRaw%26r%3d0&exph=847&expw=1200&q=%e6%b3%a5%e5%9c%9f&simid=607995193557911376&FORM=IRPRST&ck=87862CEBA02384D62C76150D3A0CE177&selectedIndex=4&itb=0
2025-05-17 21:18:12,380 - DEBUG - POST http://localhost:55088/session/ac770cc24270854559de919276038c50/execute/sync {'script': 'window.open(arguments[0]);', 'args': ['https://www.bing.com/images/search?view=detailV2&ccid=ndRYCiz8&id=4DE2DEDA40ED3D442B80D3E2CB3F74414F9CC27C&thid=OIP.ndRYCiz8trUN9L5c4mjw9AHaFO&mediaurl=https%3a%2f%2fpicb1.photophoto.cn%2f10%2f056%2f10056201_1.jpg&cdnurl=https%3a%2f%2fth.bing.com%2fth%2fid%2fR.9dd4580a2cfcb6b50df4be5ce268f0f4%3frik%3dfMKcT0F0P8vi0w%26pid%3dImgRaw%26r%3d0&exph=847&expw=1200&q=%e6%b3%a5%e5%9c%9f&simid=607995193557911376&FORM=IRPRST&ck=87862CEBA02384D62C76150D3A0CE177&selectedIndex=4&itb=0']}
2025-05-17 21:18:12,920 - DEBUG - http://localhost:55088 "POST /session/ac770cc24270854559de919276038c50/execute/sync HTTP/1.1" 200 0
2025-05-17 21:18:12,920 - DEBUG - Remote response: status=200 | data={"value":null} | headers=HTTPHeaderDict({'Content-Length': '14', 'Content-Type': 'application/json; charset=utf-8', 'cache-control': 'no-cache'})
2025-05-17 21:18:12,921 - DEBUG - Finished Request
2025-05-17 21:18:12,921 - DEBUG - GET http://localhost:55088/session/ac770cc24270854559de919276038c50/window/handles {}
2025-05-17 21:18:13,456 - DEBUG - http://localhost:55088 "GET /session/ac770cc24270854559de919276038c50/window/handles HTTP/1.1" 200 0
2025-05-17 21:18:13,457 - DEBUG - Remote response: status=200 | data={"value":["E1996A12C99BC4860FF8EF6DFA534CF3","5EE6865E93A23BC446204A3FBB94A710"]} | headers=HTTPHeaderDict({'Content-Length': '81', 'Content-Type': 'application/json; charset=utf-8', 'cache-control': 'no-cache'})
2025-05-17 21:18:13,457 - DEBUG - Finished Request
2025-05-17 21:18:13,457 - DEBUG - POST http://localhost:55088/session/ac770cc24270854559de919276038c50/window {'handle': '5EE6865E93A23BC446204A3FBB94A710'}
2025-05-17 21:18:13,463 - DEBUG - http://localhost:55088 "POST /session/ac770cc24270854559de919276038c50/window HTTP/1.1" 200 0
2025-05-17 21:18:13,463 - DEBUG - Remote response: status=200 | data={"value":null} | headers=HTTPHeaderDict({'Content-Length': '14', 'Content-Type': 'application/json; charset=utf-8', 'cache-control': 'no-cache'})
2025-05-17 21:18:13,463 - DEBUG - Finished Request
2025-05-17 21:18:18,469 - DEBUG - POST http://localhost:55088/session/ac770cc24270854559de919276038c50/element {'using': 'css selector', 'value': '.mainContainer'}
2025-05-17 21:18:39,549 - DEBUG - http://localhost:55088 "POST /session/ac770cc24270854559de919276038c50/element HTTP/1.1" 200 0
2025-05-17 21:18:39,550 - DEBUG - Remote response: status=200 | data={"value":{"element-6066-11e4-a52e-4f735466cecf":"f.5EE6865E93A23BC446204A3FBB94A710.d.A4938E5608D73808A6BF45A34C4F1997.e.609"}} | headers=HTTPHeaderDict({'Content-Length': '127', 'Content-Type': 'application/json; charset=utf-8', 'cache-control': 'no-cache'})
2025-05-17 21:18:39,550 - DEBUG - Finished Request
2025-05-17 21:18:39,551 - DEBUG - POST http://localhost:55088/session/ac770cc24270854559de919276038c50/element/f.5EE6865E93A23BC446204A3FBB94A710.d.A4938E5608D73808A6BF45A34C4F1997.e.609/element {'using': 'tag name', 'value': 'img'}
2025-05-17 21:18:39,768 - DEBUG - http://localhost:55088 "POST /session/ac770cc24270854559de919276038c50/element/f.5EE6865E93A23BC446204A3FBB94A710.d.A4938E5608D73808A6BF45A34C4F1997.e.609/element HTTP/1.1" 200 0
2025-05-17 21:18:39,768 - DEBUG - Remote response: status=200 | data={"value":{"element-6066-11e4-a52e-4f735466cecf":"f.5EE6865E93A23BC446204A3FBB94A710.d.A4938E5608D73808A6BF45A34C4F1997.e.610"}} | headers=HTTPHeaderDict({'Content-Length': '127', 'Content-Type': 'application/json; charset=utf-8', 'cache-control': 'no-cache'})
2025-05-17 21:18:39,768 - DEBUG - Finished Request
2025-05-17 21:18:39,769 - DEBUG - POST http://localhost:55088/session/ac770cc24270854559de919276038c50/execute/sync {'script': '/* getAttribute */return (function(){return (function(){var d=this||self;function f(a,b){function c(...', 'args': [{'element-6066-11e4-a52e-4f735466cecf': 'f.5EE6865E93A23BC446204A3FBB94A710.d.A4938E5608D73808A6BF45A34C4F1997.e.610'}, 'src']}
2025-05-17 21:18:39,817 - DEBUG - http://localhost:55088 "POST /session/ac770cc24270854559de919276038c50/execute/sync HTTP/1.1" 200 0
2025-05-17 21:18:39,817 - DEBUG - Remote response: status=200 | data={"value":"https://img95.699pic.com/photo/60018/4734.jpg_wh860.jpg"} | headers=HTTPHeaderDict({'Content-Length': '67', 'Content-Type': 'application/json; charset=utf-8', 'cache-control': 'no-cache'})
2025-05-17 21:18:39,817 - DEBUG - Finished Request
2025-05-17 21:18:39,817 - INFO - 找到图片链接: https://img95.699pic.com/photo/60018/4734.jpg_wh860.jpg
2025-05-17 21:18:39,817 - INFO - 开始下载图片: https://img95.699pic.com/photo/60018/4734.jpg_wh860.jpg (尝试 1/3)
2025-05-17 21:18:39,820 - DEBUG - Starting new HTTPS connection (1): img95.699pic.com:443
2025-05-17 21:18:39,931 - DEBUG - https://img95.699pic.com:443 "GET /photo/60018/4734.jpg_wh860.jpg HTTP/1.1" 200 244018
2025-05-17 21:18:39,983 - INFO - 图片下载成功: https://img95.699pic.com/photo/60018/4734.jpg_wh860.jpg, 大小: 238.3KB, 速度: 1.40MB/s
2025-05-17 21:18:39,987 - INFO - 图片 5 下载成功 - 大小: 238.3KB, 速度: 1.40MB/s, 耗时: 0.17秒
2025-05-17 21:18:39,987 - DEBUG - DELETE http://localhost:55088/session/ac770cc24270854559de919276038c50/window {}
2025-05-17 21:18:40,530 - DEBUG - http://localhost:55088 "DELETE /session/ac770cc24270854559de919276038c50/window HTTP/1.1" 200 0
2025-05-17 21:18:40,530 - DEBUG - Remote response: status=200 | data={"value":["E1996A12C99BC4860FF8EF6DFA534CF3"]} | headers=HTTPHeaderDict({'Content-Length': '46', 'Content-Type': 'application/json; charset=utf-8', 'cache-control': 'no-cache'})
2025-05-17 21:18:40,530 - DEBUG - Finished Request
2025-05-17 21:18:40,530 - DEBUG - GET http://localhost:55088/session/ac770cc24270854559de919276038c50/window/handles {}
2025-05-17 21:18:40,531 - DEBUG - http://localhost:55088 "GET /session/ac770cc24270854559de919276038c50/window/handles HTTP/1.1" 200 0
2025-05-17 21:18:40,531 - DEBUG - Remote response: status=200 | data={"value":["E1996A12C99BC4860FF8EF6DFA534CF3"]} | headers=HTTPHeaderDict({'Content-Length': '46', 'Content-Type': 'application/json; charset=utf-8', 'cache-control': 'no-cache'})
2025-05-17 21:18:40,532 - DEBUG - Finished Request
2025-05-17 21:18:40,532 - DEBUG - POST http://localhost:55088/session/ac770cc24270854559de919276038c50/window {'handle': 'E1996A12C99BC4860FF8EF6DFA534CF3'}
2025-05-17 21:18:40,534 - DEBUG - http://localhost:55088 "POST /session/ac770cc24270854559de919276038c50/window HTTP/1.1" 200 0
2025-05-17 21:18:40,534 - DEBUG - Remote response: status=200 | data={"value":null} | headers=HTTPHeaderDict({'Content-Length': '14', 'Content-Type': 'application/json; charset=utf-8', 'cache-control': 'no-cache'})
2025-05-17 21:18:40,534 - DEBUG - Finished Request
2025-05-17 21:18:40,535 - DEBUG - DELETE http://localhost:55088/session/ac770cc24270854559de919276038c50 {}
2025-05-17 21:18:40,592 - DEBUG - http://localhost:55088 "DELETE /session/ac770cc24270854559de919276038c50 HTTP/1.1" 200 0
2025-05-17 21:18:40,592 - DEBUG - Remote response: status=200 | data={"value":null} | headers=HTTPHeaderDict({'Content-Length': '14', 'Content-Type': 'application/json; charset=utf-8', 'cache-control': 'no-cache'})
2025-05-17 21:18:40,592 - DEBUG - Finished Request
2025-05-17 21:18:40,744 - INFO - 下载完成！共下载 5 张图片，总大小: 1.5MB
2025-05-17 21:18:40,744 - INFO - 总耗时: 187.85秒，平均下载速度: 0.01MB/s
2025-05-17 21:18:40,744 - INFO - 图片保存在目录：downloads/bing_泥土/
